Received all elements at iteration 1084
{42: 'i', 66: 'f', 52: 'i', 44: 'i', 78: 'b', 58: 'e', 92: 'g', 38: 'g', 94: 'f', 74: 'i'}
Received all elements at iteration 735
{48: 'f', 32: 'g', 24: 'a', 12: 'a', 96: 'f', 46: 'h', 56: 'd', 18: 'i', 58: 'g', 10: 'i'}
Received all elements at iteration 2045
{68: 'a', 10: 'h', 2: 'i', 34: 'b', 70: 'f', 16: 'c', 66: 'e', 92: 'i', 90: 'f', 76: 'a'}
Received all elements at iteration 1501
{0: 'e', 84: 'f', 8: 'i', 98: 'h', 42: 'h', 56: 'g', 90: 'd', 2: 'd', 54: 'a', 52: 'e'}
Received all elements at iteration 3679
{28: 'a', 70: 'h', 34: 'g', 74: 'f', 12: 'e', 16: 'c', 4: 'c', 2: 'i', 64: 'i', 60: 'i'}
Received all elements at iteration 9
{72: 'i', 82: 'f', 52: 'i', 80: 'f', 96: 'e', 36: 'd', 58: 'a', 38: 'h', 30: 'i', 0: 'a'}
Received all elements at iteration 1592
{22: 'a', 14: 'b', 94: 'e', 16: 'a', 12: 'c', 32: 'c', 46: 'c', 6: 'i', 42: 'i', 10: 'i'}
Received all elements at iteration 1305
{74: 'b', 64: 'a', 38: 'e', 4: 'a', 84: 'g', 100: 'i', 18: 'g', 40: 'a', 26: 'f', 62: 'e'}
Received all elements at iteration 923
{26: 'h', 94: 'd', 64: 'd', 10: 'i', 84: 'g', 22: 'c', 8: 'c', 32: 'i', 4: 'f', 24: 'c'}
Received all elements at iteration 1101
{26: 'f', 100: 'h', 58: 'b', 32: 'c', 12: 'd', 28: 'g', 52: 'b', 38: 'b', 20: 'c', 82: 'f'}
Received all elements at iteration 167
{34: 'i', 76: 'd', 36: 'i', 22: 'd', 98: 'e', 12: 'f', 84: 'f', 40: 'a', 10: 'c', 60: 'd'}
Received all elements at iteration 227
{92: 'h', 74: 'c', 6: 'h', 44: 'd', 80: 'g', 46: 'a', 76: 'a', 86: 'f', 38: 'f', 8: 'g'}
Received all elements at iteration 354
{34: 'd', 36: 'c', 80: 'i', 58: 'f', 52: 'f', 50: 'd', 4: 'a', 24: 'a', 92: 'e', 42: 'b'}
Received all elements at iteration 1246
{62: 'c', 30: 'b', 52: 'i', 0: 'g', 48: 'c', 86: 'b', 64: 'd', 6: 'h', 2: 'd', 68: 'c'}
Received all elements at iteration 91
{38: 'd', 66: 'g', 82: 'e', 60: 'd', 10: 'a', 100: 'a', 18: 'i', 90: 'f', 98: 'h', 34: 'g'}
Received all elements at iteration 1543
{52: 'g', 100: 'd', 60: 'c', 14: 'e', 54: 'i', 24: 'e', 84: 'g', 74: 'g', 28: 'g', 76: 'a'}
Received all elements at iteration 2380
{8: 'c', 12: 'a', 84: 'f', 68: 'b', 52: 'a', 18: 'e', 44: 'b', 96: 'g', 94: 'h', 66: 'h'}
Received all elements at iteration 181
{56: 'b', 32: 'b', 40: 'h', 66: 'g', 80: 'g', 46: 'g', 96: 'd', 68: 'h', 18: 'i', 50: 'b'}
Received all elements at iteration 564
{4: 'c', 100: 'f', 78: 'e', 80: 'b', 12: 'c', 26: 'f', 46: 'c', 70: 'e', 20: 'g', 16: 'f'}
Received all elements at iteration 487
{20: 'b', 34: 'i', 14: 'h', 62: 'b', 16: 'f', 6: 'c', 84: 'a', 50: 'd', 54: 'c', 100: 'd'}
Received all elements at iteration 1839
{78: 'e', 88: 'g', 52: 'd', 58: 'd', 98: 'e', 0: 'h', 48: 'f', 30: 'f', 18: 'h', 68: 'g'}
Received all elements at iteration 6691
{96: 'i', 76: 'd', 20: 'd', 92: 'c', 10: 'g', 98: 'f', 78: 'd', 22: 'a', 32: 'f', 0: 'i'}
Received all elements at iteration 1250
{64: 'a', 68: 'f', 0: 'c', 78: 'h', 40: 'g', 8: 'h', 96: 'f', 2: 'g', 52: 'a', 100: 'h'}
Received all elements at iteration 2440
{48: 'h', 94: 'h', 12: 'b', 32: 'c', 44: 'e', 80: 'e', 34: 'f', 26: 'f', 30: 'g', 92: 'c'}
Received all elements at iteration 479
{6: 'a', 82: 'b', 36: 'd', 42: 'i', 32: 'c', 58: 'c', 96: 'd', 64: 'd', 26: 'e', 50: 'f'}
Received all elements at iteration 1589
{80: 'i', 6: 'c', 16: 'c', 60: 'g', 70: 'i', 40: 'c', 58: 'h', 90: 'b', 94: 'b', 12: 'i'}
Received all elements at iteration 1983
{50: 'c', 44: 'd', 0: 'd', 38: 'b', 98: 'f', 96: 'g', 82: 'g', 20: 'f', 8: 'e', 30: 'b'}
Received all elements at iteration 2470
{90: 'c', 28: 'd', 94: 'b', 62: 'c', 54: 'i', 48: 'a', 74: 'h', 44: 'c', 88: 'e', 8: 'e'}
Received all elements at iteration 91
{82: 'g', 90: 'c', 38: 'i', 44: 'e', 68: 'd', 62: 'c', 36: 'e', 52: 'i', 50: 'c', 34: 'i'}
Received all elements at iteration 2557
{98: 'f', 20: 'b', 34: 'e', 26: 'g', 44: 'e', 86: 'b', 52: 'h', 74: 'c', 16: 'h', 46: 'b'}
Received all elements at iteration 474
{30: 'i', 92: 'i', 42: 'c', 16: 'i', 12: 'h', 88: 'h', 68: 'd', 26: 'b', 14: 'g', 56: 'd'}
Received all elements at iteration 1446
{68: 'c', 20: 'c', 26: 'd', 94: 'f', 36: 'c', 4: 'c', 2: 'a', 90: 'e', 16: 'b', 38: 'a'}
Received all elements at iteration 392
{34: 'c', 80: 'c', 36: 'i', 76: 'i', 4: 'a', 56: 'f', 68: 'f', 90: 'g', 58: 'c', 10: 'b'}
Received all elements at iteration 109
{88: 'd', 74: 'b', 56: 'b', 22: 'b', 54: 'h', 96: 'e', 34: 'b', 28: 'b', 20: 'a', 36: 'f'}
Received all elements at iteration 845
{2: 'e', 30: 'a', 80: 'e', 52: 'c', 76: 'a', 62: 'e', 34: 'd', 10: 'g', 92: 'c', 22: 'i'}
Received all elements at iteration 2169
{28: 'e', 32: 'd', 56: 'e', 92: 'f', 98: 'b', 78: 'i', 62: 'b', 74: 'b', 22: 'h', 2: 'i'}
Received all elements at iteration 538
{22: 'e', 56: 'i', 2: 'c', 32: 'b', 96: 'h', 92: 'h', 68: 'h', 46: 'g', 48: 'a', 4: 'b'}
Received all elements at iteration 1745
{60: 'd', 90: 'd', 14: 'f', 48: 'b', 36: 'c', 0: 'i', 70: 'c', 94: 'a', 8: 'c', 28: 'd'}
Received all elements at iteration 26
{82: 'b', 56: 'd', 44: 'c', 92: 'f', 54: 'b', 94: 'h', 50: 'i', 96: 'e', 36: 'e', 78: 'i'}
Received all elements at iteration 118
{30: 'h', 64: 'c', 90: 'e', 98: 'h', 54: 'i', 96: 'g', 68: 'h', 100: 'c', 16: 'e', 0: 'c'}
Received all elements at iteration 233
{88: 'd', 34: 'i', 38: 'a', 84: 'f', 36: 'd', 86: 'b', 40: 'f', 90: 'd', 96: 'e', 10: 'd'}
Received all elements at iteration 1546
{30: 'a', 94: 'f', 90: 'f', 14: 'a', 54: 'g', 52: 'b', 70: 'i', 96: 'e', 64: 'i', 84: 'f'}
Received all elements at iteration 23
{10: 'h', 58: 'g', 66: 'f', 50: 'g', 100: 'h', 14: 'g', 16: 'd', 80: 'd', 52: 'b', 64: 'c'}
Received all elements at iteration 1114
{18: 'g', 86: 'g', 82: 'a', 44: 'g', 6: 'd', 56: 'h', 40: 'a', 100: 'h', 36: 'g', 52: 'c'}
Received all elements at iteration 2103
{82: 'h', 62: 'b', 58: 'b', 8: 'a', 84: 'f', 90: 'g', 86: 'c', 4: 'i', 30: 'd', 70: 'c'}
Received all elements at iteration 336
{96: 'f', 6: 'a', 42: 'i', 28: 'b', 78: 'a', 64: 'c', 10: 'g', 38: 'i', 54: 'e', 80: 'd'}
Received all elements at iteration 1672
{98: 'c', 84: 'e', 0: 'g', 78: 'c', 62: 'a', 54: 'g', 6: 'g', 18: 'c', 10: 'b', 28: 'a'}
Received all elements at iteration 542
{38: 'h', 28: 'c', 62: 'h', 92: 'e', 52: 'f', 76: 'h', 86: 'd', 70: 'c', 58: 'c', 18: 'f'}
Received all elements at iteration 323
{64: 'e', 30: 'c', 52: 'a', 96: 'e', 70: 'i', 22: 'e', 0: 'd', 46: 'f', 88: 'i', 38: 'h'}
Received all elements at iteration 2103
{10: 'a', 48: 'f', 90: 'a', 84: 'i', 42: 'c', 44: 'c', 86: 'e', 58: 'd', 60: 'c', 72: 'd'}
Received all elements at iteration 3912
{20: 'f', 94: 'g', 78: 'i', 40: 'h', 22: 'h', 70: 'd', 34: 'f', 18: 'h', 90: 'f', 26: 'g'}
Received all elements at iteration 1666
{34: 'c', 72: 'g', 32: 'd', 36: 'a', 24: 'd', 18: 'c', 28: 'd', 46: 'i', 50: 'e', 0: 'a'}
Received all elements at iteration 345
{62: 'i', 92: 'h', 42: 'b', 66: 'i', 38: 'g', 22: 'e', 34: 'i', 88: 'a', 70: 'a', 12: 'g'}
Received all elements at iteration 230
{70: 'i', 96: 'd', 44: 'e', 78: 'a', 100: 'c', 52: 'c', 16: 'g', 46: 'g', 42: 'i', 72: 'f'}
Received all elements at iteration 2112
{24: 'a', 42: 'd', 10: 'd', 16: 'c', 60: 'h', 66: 'e', 100: 'd', 12: 'f', 32: 'i', 40: 'c'}
Received all elements at iteration 1722
{40: 'b', 6: 'c', 26: 'c', 16: 'd', 62: 'a', 94: 'b', 20: 'c', 4: 'f', 58: 'c', 12: 'b'}
